This file contains any messages produced by compilers while
running configure, to aid debugging if configure makes a mistake.

It was created by libenet configure 1.3.13, which was
generated by GNU Autoconf 2.69.  Invocation command line was

  $ ./configure 

## --------- ##
## Platform. ##
## --------- ##

hostname = rilpires-notebook
uname -m = x86_64
uname -r = 4.15.0-34-generic
uname -s = Linux
uname -v = #37-Ubuntu SMP Mon Aug 27 15:21:48 UTC 2018

/usr/bin/uname -p = unknown
/bin/uname -X     = unknown

/bin/arch              = unknown
/usr/bin/arch -k       = unknown
/usr/convex/getsysinfo = unknown
/usr/bin/hostinfo      = unknown
/bin/machine           = unknown
/usr/bin/oslevel       = unknown
/bin/universe          = unknown

PATH: /usr/local/sbin
PATH: /usr/local/bin
PATH: /usr/sbin
PATH: /usr/bin
PATH: /sbin
PATH: /bin
PATH: /usr/games
PATH: /usr/local/games
PATH: /snap/bin
PATH: /home/rilpires/Documentos/include/godot_headers


## ----------- ##
## Core tests. ##
## ----------- ##

configure:2288: checking for a BSD-compatible install
configure:2356: result: /usr/bin/install -c
configure:2367: checking whether build environment is sane
configure:2422: result: yes
configure:2573: checking for a thread-safe mkdir -p
configure:2612: result: /bin/mkdir -p
configure:2619: checking for gawk
configure:2635: found /usr/bin/gawk
configure:2646: result: gawk
configure:2657: checking whether make sets $(MAKE)
configure:2679: result: yes
configure:2708: checking whether make supports nested variables
configure:2725: result: yes
configure:2902: checking for gcc
configure:2918: found /usr/bin/gcc
configure:2929: result: gcc
configure:3158: checking for C compiler version
configure:3167: gcc --version >&5
gcc (Ubuntu 7.3.0-27ubuntu1~18.04) 7.3.0
Copyright (C) 2017 Free Software Foundation, Inc.
This is free software; see the source for copying conditions.  There is NO
warranty; not even for MERCHANTABILITY or FITNESS FOR A PARTICULAR PURPOSE.

configure:3178: $? = 0
configure:3167: gcc -v >&5
Using built-in specs.
COLLECT_GCC=gcc
COLLECT_LTO_WRAPPER=/usr/lib/gcc/x86_64-linux-gnu/7/lto-wrapper
OFFLOAD_TARGET_NAMES=nvptx-none
OFFLOAD_TARGET_DEFAULT=1
Target: x86_64-linux-gnu
Configured with: ../src/configure -v --with-pkgversion='Ubuntu 7.3.0-27ubuntu1~18.04' --with-bugurl=file:///usr/share/doc/gcc-7/README.Bugs --enable-languages=c,ada,c++,go,brig,d,fortran,objc,obj-c++ --prefix=/usr --with-gcc-major-version-only --program-suffix=-7 --program-prefix=x86_64-linux-gnu- --enable-shared --enable-linker-build-id --libexecdir=/usr/lib --without-included-gettext --enable-threads=posix --libdir=/usr/lib --enable-nls --with-sysroot=/ --enable-clocale=gnu --enable-libstdcxx-debug --enable-libstdcxx-time=yes --with-default-libstdcxx-abi=new --enable-gnu-unique-object --disable-vtable-verify --enable-libmpx --enable-plugin --enable-default-pie --with-system-zlib --with-target-system-zlib --enable-objc-gc=auto --enable-multiarch --disable-werror --with-arch-32=i686 --with-abi=m64 --with-multilib-list=m32,m64,mx32 --enable-multilib --with-tune=generic --enable-offload-targets=nvptx-none --without-cuda-driver --enable-checking=release --build=x86_64-linux-gnu --host=x86_64-linux-gnu --target=x86_64-linux-gnu
Thread model: posix
gcc version 7.3.0 (Ubuntu 7.3.0-27ubuntu1~18.04) 
configure:3178: $? = 0
configure:3167: gcc -V >&5
gcc: error: unrecognized command line option '-V'
gcc: fatal error: no input files
compilation terminated.
configure:3178: $? = 1
configure:3167: gcc -qversion >&5
gcc: error: unrecognized command line option '-qversion'; did you mean '--version'?
gcc: fatal error: no input files
compilation terminated.
configure:3178: $? = 1
configure:3198: checking whether the C compiler works
configure:3220: gcc    conftest.c  >&5
configure:3224: $? = 0
configure:3272: result: yes
configure:3275: checking for C compiler default output file name
configure:3277: result: a.out
configure:3283: checking for suffix of executables
configure:3290: gcc -o conftest    conftest.c  >&5
configure:3294: $? = 0
configure:3316: result: 
configure:3338: checking whether we are cross compiling
configure:3346: gcc -o conftest    conftest.c  >&5
configure:3350: $? = 0
configure:3357: ./conftest
configure:3361: $? = 0
configure:3376: result: no
configure:3381: checking for suffix of object files
configure:3403: gcc -c   conftest.c >&5
configure:3407: $? = 0
configure:3428: result: o
configure:3432: checking whether we are using the GNU C compiler
configure:3451: gcc -c   conftest.c >&5
configure:3451: $? = 0
configure:3460: result: yes
configure:3469: checking whether gcc accepts -g
configure:3489: gcc -c -g  conftest.c >&5
configure:3489: $? = 0
configure:3530: result: yes
configure:3547: checking for gcc option to accept ISO C89
configure:3610: gcc  -c -g -O2  conftest.c >&5
configure:3610: $? = 0
configure:3623: result: none needed
configure:3648: checking whether gcc understands -c and -o together
configure:3670: gcc -c conftest.c -o conftest2.o
configure:3673: $? = 0
configure:3670: gcc -c conftest.c -o conftest2.o
configure:3673: $? = 0
configure:3685: result: yes
configure:3713: checking for style of include used by make
configure:3741: result: GNU
configure:3767: checking dependency style of gcc
configure:3878: result: gcc3
configure:3922: checking build system type
configure:3936: result: x86_64-pc-linux-gnu
configure:3956: checking host system type
configure:3969: result: x86_64-pc-linux-gnu
configure:4010: checking how to print strings
configure:4037: result: printf
configure:4058: checking for a sed that does not truncate output
configure:4122: result: /bin/sed
configure:4140: checking for grep that handles long lines and -e
configure:4198: result: /bin/grep
configure:4203: checking for egrep
configure:4265: result: /bin/grep -E
configure:4270: checking for fgrep
configure:4332: result: /bin/grep -F
configure:4367: checking for ld used by gcc
configure:4434: result: /usr/bin/ld
configure:4441: checking if the linker (/usr/bin/ld) is GNU ld
configure:4456: result: yes
configure:4468: checking for BSD- or MS-compatible name lister (nm)
configure:4522: result: /usr/bin/nm -B
configure:4652: checking the name lister (/usr/bin/nm -B) interface
configure:4659: gcc -c -g -O2  conftest.c >&5
configure:4662: /usr/bin/nm -B "conftest.o"
configure:4665: output
0000000000000000 B some_variable
configure:4672: result: BSD nm
configure:4675: checking whether ln -s works
configure:4679: result: yes
configure:4687: checking the maximum length of command line arguments
configure:4818: result: 1572864
configure:4866: checking how to convert x86_64-pc-linux-gnu file names to x86_64-pc-linux-gnu format
configure:4906: result: func_convert_file_noop
configure:4913: checking how to convert x86_64-pc-linux-gnu file names to toolchain format
configure:4933: result: func_convert_file_noop
configure:4940: checking for /usr/bin/ld option to reload object files
configure:4947: result: -r
configure:5021: checking for objdump
configure:5037: found /usr/bin/objdump
configure:5048: result: objdump
configure:5080: checking how to recognize dependent libraries
configure:5280: result: pass_all
configure:5365: checking for dlltool
configure:5395: result: no
configure:5425: checking how to associate runtime and link libraries
configure:5452: result: printf %s\n
configure:5513: checking for ar
configure:5529: found /usr/bin/ar
configure:5540: result: ar
configure:5577: checking for archiver @FILE support
configure:5594: gcc -c -g -O2  conftest.c >&5
configure:5594: $? = 0
configure:5597: ar cru libconftest.a @conftest.lst >&5
ar: `u' modifier ignored since `D' is the default (see `U')
configure:5600: $? = 0
configure:5605: ar cru libconftest.a @conftest.lst >&5
ar: `u' modifier ignored since `D' is the default (see `U')
ar: conftest.o: No such file or directory
configure:5608: $? = 1
configure:5620: result: @
configure:5678: checking for strip
configure:5694: found /usr/bin/strip
configure:5705: result: strip
configure:5777: checking for ranlib
configure:5793: found /usr/bin/ranlib
configure:5804: result: ranlib
configure:5906: checking command to parse /usr/bin/nm -B output from gcc object
configure:6059: gcc -c -g -O2  conftest.c >&5
configure:6062: $? = 0
configure:6066: /usr/bin/nm -B conftest.o \| sed -n -e 's/^.*[ ]\([ABCDGIRSTW][ABCDGIRSTW]*\)[ ][ ]*\([_A-Za-z][_A-Za-z0-9]*\)$/\1 \2 \2/p' | sed '/ __gnu_lto/d' \> conftest.nm
configure:6069: $? = 0
configure:6135: gcc -o conftest -g -O2   conftest.c conftstm.o >&5
configure:6138: $? = 0
configure:6176: result: ok
configure:6223: checking for sysroot
configure:6253: result: no
configure:6260: checking for a working dd
configure:6298: result: /bin/dd
configure:6302: checking how to truncate binary pipes
configure:6317: result: /bin/dd bs=4096 count=1
configure:6453: gcc -c -g -O2  conftest.c >&5
configure:6456: $? = 0
configure:6646: checking for mt
configure:6662: found /bin/mt
configure:6673: result: mt
configure:6696: checking if mt is a manifest tool
configure:6702: mt '-?'
configure:6710: result: no
configure:7387: checking how to run the C preprocessor
configure:7418: gcc -E  conftest.c
configure:7418: $? = 0
configure:7432: gcc -E  conftest.c
conftest.c:11:10: fatal error: ac_nonexistent.h: No such file or directory
 #include <ac_nonexistent.h>
          ^~~~~~~~~~~~~~~~~~
compilation terminated.
configure:7432: $? = 1
configure: failed program was:
| /* confdefs.h */
| #define PACKAGE_NAME "libenet"
| #define PACKAGE_TARNAME "libenet"
| #define PACKAGE_VERSION "1.3.13"
| #define PACKAGE_STRING "libenet 1.3.13"
| #define PACKAGE_BUGREPORT ""
| #define PACKAGE_URL ""
| #define PACKAGE "libenet"
| #define VERSION "1.3.13"
| /* end confdefs.h.  */
| #include <ac_nonexistent.h>
configure:7457: result: gcc -E
configure:7477: gcc -E  conftest.c
configure:7477: $? = 0
configure:7491: gcc -E  conftest.c
conftest.c:11:10: fatal error: ac_nonexistent.h: No such file or directory
 #include <ac_nonexistent.h>
          ^~~~~~~~~~~~~~~~~~
compilation terminated.
configure:7491: $? = 1
configure: failed program was:
| /* confdefs.h */
| #define PACKAGE_NAME "libenet"
| #define PACKAGE_TARNAME "libenet"
| #define PACKAGE_VERSION "1.3.13"
| #define PACKAGE_STRING "libenet 1.3.13"
| #define PACKAGE_BUGREPORT ""
| #define PACKAGE_URL ""
| #define PACKAGE "libenet"
| #define VERSION "1.3.13"
| /* end confdefs.h.  */
| #include <ac_nonexistent.h>
configure:7520: checking for ANSI C header files
configure:7540: gcc -c -g -O2  conftest.c >&5
configure:7540: $? = 0
configure:7613: gcc -o conftest -g -O2   conftest.c  >&5
configure:7613: $? = 0
configure:7613: ./conftest
configure:7613: $? = 0
configure:7624: result: yes
configure:7637: checking for sys/types.h
configure:7637: gcc -c -g -O2  conftest.c >&5
configure:7637: $? = 0
configure:7637: result: yes
configure:7637: checking for sys/stat.h
configure:7637: gcc -c -g -O2  conftest.c >&5
configure:7637: $? = 0
configure:7637: result: yes
configure:7637: checking for stdlib.h
configure:7637: gcc -c -g -O2  conftest.c >&5
configure:7637: $? = 0
configure:7637: result: yes
configure:7637: checking for string.h
configure:7637: gcc -c -g -O2  conftest.c >&5
configure:7637: $? = 0
configure:7637: result: yes
configure:7637: checking for memory.h
configure:7637: gcc -c -g -O2  conftest.c >&5
configure:7637: $? = 0
configure:7637: result: yes
configure:7637: checking for strings.h
configure:7637: gcc -c -g -O2  conftest.c >&5
configure:7637: $? = 0
configure:7637: result: yes
configure:7637: checking for inttypes.h
configure:7637: gcc -c -g -O2  conftest.c >&5
configure:7637: $? = 0
configure:7637: result: yes
configure:7637: checking for stdint.h
configure:7637: gcc -c -g -O2  conftest.c >&5
configure:7637: $? = 0
configure:7637: result: yes
configure:7637: checking for unistd.h
configure:7637: gcc -c -g -O2  conftest.c >&5
configure:7637: $? = 0
configure:7637: result: yes
configure:7651: checking for dlfcn.h
configure:7651: gcc -c -g -O2  conftest.c >&5
configure:7651: $? = 0
configure:7651: result: yes
configure:7907: checking for objdir
configure:7922: result: .libs
configure:8186: checking if gcc supports -fno-rtti -fno-exceptions
configure:8204: gcc -c -g -O2  -fno-rtti -fno-exceptions conftest.c >&5
cc1: warning: command line option '-fno-rtti' is valid for C++/ObjC++ but not for C
configure:8208: $? = 0
configure:8221: result: no
configure:8579: checking for gcc option to produce PIC
configure:8586: result: -fPIC -DPIC
configure:8594: checking if gcc PIC flag -fPIC -DPIC works
configure:8612: gcc -c -g -O2  -fPIC -DPIC -DPIC conftest.c >&5
configure:8616: $? = 0
configure:8629: result: yes
configure:8658: checking if gcc static flag -static works
configure:8686: result: yes
configure:8701: checking if gcc supports -c -o file.o
configure:8722: gcc -c -g -O2  -o out/conftest2.o conftest.c >&5
configure:8726: $? = 0
configure:8748: result: yes
configure:8756: checking if gcc supports -c -o file.o
configure:8803: result: yes
configure:8836: checking whether the gcc linker (/usr/bin/ld -m elf_x86_64) supports shared libraries
configure:10099: result: yes
configure:10136: checking whether -lc should be explicitly linked in
configure:10144: gcc -c -g -O2  conftest.c >&5
configure:10147: $? = 0
configure:10162: gcc -shared  -fPIC -DPIC conftest.o  -v -Wl,-soname -Wl,conftest -o conftest 2\>\&1 \| /bin/grep  -lc  \>/dev/null 2\>\&1
configure:10165: $? = 0
configure:10179: result: no
configure:10339: checking dynamic linker characteristics
configure:10920: gcc -o conftest -g -O2   -Wl,-rpath -Wl,/foo conftest.c  >&5
configure:10920: $? = 0
configure:11169: result: GNU/Linux ld.so
configure:11291: checking how to hardcode library paths into programs
configure:11316: result: immediate
configure:11864: checking whether stripping libraries is possible
configure:11869: result: yes
configure:11904: checking if libtool supports shared libraries
configure:11906: result: yes
configure:11909: checking whether to build shared libraries
configure:11934: result: yes
configure:11937: checking whether to build static libraries
configure:11941: result: yes
configure:11979: checking for gethostbyaddr_r
configure:11979: gcc -o conftest -g -O2   conftest.c  >&5
configure:11979: $? = 0
configure:11979: result: yes
configure:11985: checking for gethostbyname_r
configure:11985: gcc -o conftest -g -O2   conftest.c  >&5
configure:11985: $? = 0
configure:11985: result: yes
configure:11991: checking for poll
configure:11991: gcc -o conftest -g -O2   conftest.c  >&5
configure:11991: $? = 0
configure:11991: result: yes
configure:11997: checking for fcntl
configure:11997: gcc -o conftest -g -O2   conftest.c  >&5
configure:11997: $? = 0
configure:11997: result: yes
configure:12003: checking for inet_pton
configure:12003: gcc -o conftest -g -O2   conftest.c  >&5
configure:12003: $? = 0
configure:12003: result: yes
configure:12009: checking for inet_ntop
configure:12009: gcc -o conftest -g -O2   conftest.c  >&5
configure:12009: $? = 0
configure:12009: result: yes
configure:12016: checking for struct msghdr.msg_flags
configure:12016: gcc -c -g -O2  conftest.c >&5
configure:12016: $? = 0
configure:12016: result: yes
configure:12024: checking for socklen_t
configure:12024: gcc -c -g -O2  conftest.c >&5
configure:12024: $? = 0
configure:12024: gcc -c -g -O2  conftest.c >&5
conftest.c: In function 'main':
conftest.c:37:24: error: expected expression before ')' token
 if (sizeof ((socklen_t)))
                        ^
configure:12024: $? = 1
configure: failed program was:
| /* confdefs.h */
| #define PACKAGE_NAME "libenet"
| #define PACKAGE_TARNAME "libenet"
| #define PACKAGE_VERSION "1.3.13"
| #define PACKAGE_STRING "libenet 1.3.13"
| #define PACKAGE_BUGREPORT ""
| #define PACKAGE_URL ""
| #define PACKAGE "libenet"
| #define VERSION "1.3.13"
| #define STDC_HEADERS 1
| #define HAVE_SYS_TYPES_H 1
| #define HAVE_SYS_STAT_H 1
| #define HAVE_STDLIB_H 1
| #define HAVE_STRING_H 1
| #define HAVE_MEMORY_H 1
| #define HAVE_STRINGS_H 1
| #define HAVE_INTTYPES_H 1
| #define HAVE_STDINT_H 1
| #define HAVE_UNISTD_H 1
| #define HAVE_DLFCN_H 1
| #define LT_OBJDIR ".libs/"
| #define HAS_GETHOSTBYADDR_R 1
| #define HAS_GETHOSTBYNAME_R 1
| #define HAS_POLL 1
| #define HAS_FCNTL 1
| #define HAS_INET_PTON 1
| #define HAS_INET_NTOP 1
| #define HAS_MSGHDR_FLAGS 1
| /* end confdefs.h.  */
| #include <sys/types.h>
|               #include <sys/socket.h>
| 
| 
| int
| main ()
| {
| if (sizeof ((socklen_t)))
| 	    return 0;
|   ;
|   return 0;
| }
configure:12024: result: yes
configure:12181: checking that generated files are newer than configure
configure:12187: result: done
configure:12210: creating ./config.status

## ---------------------- ##
## Running config.status. ##
## ---------------------- ##

This file was extended by libenet config.status 1.3.13, which was
generated by GNU Autoconf 2.69.  Invocation command line was

  CONFIG_FILES    = 
  CONFIG_HEADERS  = 
  CONFIG_LINKS    = 
  CONFIG_COMMANDS = 
  $ ./config.status 

on rilpires-notebook

config.status:1008: creating Makefile
config.status:1008: creating libenet.pc
config.status:1180: executing depfiles commands
config.status:1180: executing libtool commands

## ---------------- ##
## Cache variables. ##
## ---------------- ##

ac_cv_build=x86_64-pc-linux-gnu
ac_cv_c_compiler_gnu=yes
ac_cv_env_CC_set=
ac_cv_env_CC_value=
ac_cv_env_CFLAGS_set=
ac_cv_env_CFLAGS_value=
ac_cv_env_CPPFLAGS_set=
ac_cv_env_CPPFLAGS_value=
ac_cv_env_CPP_set=
ac_cv_env_CPP_value=
ac_cv_env_LDFLAGS_set=
ac_cv_env_LDFLAGS_value=
ac_cv_env_LIBS_set=
ac_cv_env_LIBS_value=
ac_cv_env_LT_SYS_LIBRARY_PATH_set=
ac_cv_env_LT_SYS_LIBRARY_PATH_value=
ac_cv_env_build_alias_set=
ac_cv_env_build_alias_value=
ac_cv_env_host_alias_set=
ac_cv_env_host_alias_value=
ac_cv_env_target_alias_set=
ac_cv_env_target_alias_value=
ac_cv_func_fcntl=yes
ac_cv_func_gethostbyaddr_r=yes
ac_cv_func_gethostbyname_r=yes
ac_cv_func_inet_ntop=yes
ac_cv_func_inet_pton=yes
ac_cv_func_poll=yes
ac_cv_header_dlfcn_h=yes
ac_cv_header_inttypes_h=yes
ac_cv_header_memory_h=yes
ac_cv_header_stdc=yes
ac_cv_header_stdint_h=yes
ac_cv_header_stdlib_h=yes
ac_cv_header_string_h=yes
ac_cv_header_strings_h=yes
ac_cv_header_sys_stat_h=yes
ac_cv_header_sys_types_h=yes
ac_cv_header_unistd_h=yes
ac_cv_host=x86_64-pc-linux-gnu
ac_cv_member_struct_msghdr_msg_flags=yes
ac_cv_objext=o
ac_cv_path_EGREP='/bin/grep -E'
ac_cv_path_FGREP='/bin/grep -F'
ac_cv_path_GREP=/bin/grep
ac_cv_path_SED=/bin/sed
ac_cv_path_install='/usr/bin/install -c'
ac_cv_path_lt_DD=/bin/dd
ac_cv_path_mkdir=/bin/mkdir
ac_cv_prog_AWK=gawk
ac_cv_prog_CPP='gcc -E'
ac_cv_prog_ac_ct_AR=ar
ac_cv_prog_ac_ct_CC=gcc
ac_cv_prog_ac_ct_MANIFEST_TOOL=mt
ac_cv_prog_ac_ct_OBJDUMP=objdump
ac_cv_prog_ac_ct_RANLIB=ranlib
ac_cv_prog_ac_ct_STRIP=strip
ac_cv_prog_cc_c89=
ac_cv_prog_cc_g=yes
ac_cv_prog_make_make_set=yes
ac_cv_type_socklen_t=yes
am_cv_CC_dependencies_compiler_type=gcc3
am_cv_make_support_nested_variables=yes
am_cv_prog_cc_c_o=yes
lt_cv_ar_at_file=@
lt_cv_archive_cmds_need_lc=no
lt_cv_deplibs_check_method=pass_all
lt_cv_file_magic_cmd='$MAGIC_CMD'
lt_cv_file_magic_test_file=
lt_cv_ld_reload_flag=-r
lt_cv_nm_interface='BSD nm'
lt_cv_objdir=.libs
lt_cv_path_LD=/usr/bin/ld
lt_cv_path_NM='/usr/bin/nm -B'
lt_cv_path_mainfest_tool=no
lt_cv_prog_compiler_c_o=yes
lt_cv_prog_compiler_pic='-fPIC -DPIC'
lt_cv_prog_compiler_pic_works=yes
lt_cv_prog_compiler_rtti_exceptions=no
lt_cv_prog_compiler_static_works=yes
lt_cv_prog_gnu_ld=yes
lt_cv_sharedlib_from_linklib_cmd='printf %s\n'
lt_cv_shlibpath_overrides_runpath=yes
lt_cv_sys_global_symbol_pipe='sed -n -e '\''s/^.*[	 ]\([ABCDGIRSTW][ABCDGIRSTW]*\)[	 ][	 ]*\([_A-Za-z][_A-Za-z0-9]*\)$/\1 \2 \2/p'\'' | sed '\''/ __gnu_lto/d'\'''
lt_cv_sys_global_symbol_to_c_name_address='sed -n -e '\''s/^: \(.*\) .*$/  {"\1", (void *) 0},/p'\'' -e '\''s/^[ABCDGIRSTW][ABCDGIRSTW]* .* \(.*\)$/  {"\1", (void *) \&\1},/p'\'''
lt_cv_sys_global_symbol_to_c_name_address_lib_prefix='sed -n -e '\''s/^: \(.*\) .*$/  {"\1", (void *) 0},/p'\'' -e '\''s/^[ABCDGIRSTW][ABCDGIRSTW]* .* \(lib.*\)$/  {"\1", (void *) \&\1},/p'\'' -e '\''s/^[ABCDGIRSTW][ABCDGIRSTW]* .* \(.*\)$/  {"lib\1", (void *) \&\1},/p'\'''
lt_cv_sys_global_symbol_to_cdecl='sed -n -e '\''s/^T .* \(.*\)$/extern int \1();/p'\'' -e '\''s/^[ABCDGIRSTW][ABCDGIRSTW]* .* \(.*\)$/extern char \1;/p'\'''
lt_cv_sys_global_symbol_to_import=
lt_cv_sys_max_cmd_len=1572864
lt_cv_to_host_file_cmd=func_convert_file_noop
lt_cv_to_tool_file_cmd=func_convert_file_noop
lt_cv_truncate_bin='/bin/dd bs=4096 count=1'

## ----------------- ##
## Output variables. ##
## ----------------- ##

ACLOCAL='${SHELL} /home/rilpires/GitHub/SpaceShooterVS/Engine/enet-1.3.13/missing aclocal-1.15'
AMDEPBACKSLASH='\'
AMDEP_FALSE='#'
AMDEP_TRUE=''
AMTAR='$${TAR-tar}'
AM_BACKSLASH='\'
AM_DEFAULT_V='$(AM_DEFAULT_VERBOSITY)'
AM_DEFAULT_VERBOSITY='1'
AM_V='$(V)'
AR='ar'
AUTOCONF='${SHELL} /home/rilpires/GitHub/SpaceShooterVS/Engine/enet-1.3.13/missing autoconf'
AUTOHEADER='${SHELL} /home/rilpires/GitHub/SpaceShooterVS/Engine/enet-1.3.13/missing autoheader'
AUTOMAKE='${SHELL} /home/rilpires/GitHub/SpaceShooterVS/Engine/enet-1.3.13/missing automake-1.15'
AWK='gawk'
CC='gcc'
CCDEPMODE='depmode=gcc3'
CFLAGS='-g -O2'
CPP='gcc -E'
CPPFLAGS=''
CYGPATH_W='echo'
DEFS='-DPACKAGE_NAME=\"libenet\" -DPACKAGE_TARNAME=\"libenet\" -DPACKAGE_VERSION=\"1.3.13\" -DPACKAGE_STRING=\"libenet\ 1.3.13\" -DPACKAGE_BUGREPORT=\"\" -DPACKAGE_URL=\"\" -DPACKAGE=\"libenet\" -DVERSION=\"1.3.13\" -DSTDC_HEADERS=1 -DHAVE_SYS_TYPES_H=1 -DHAVE_SYS_STAT_H=1 -DHAVE_STDLIB_H=1 -DHAVE_STRING_H=1 -DHAVE_MEMORY_H=1 -DHAVE_STRINGS_H=1 -DHAVE_INTTYPES_H=1 -DHAVE_STDINT_H=1 -DHAVE_UNISTD_H=1 -DHAVE_DLFCN_H=1 -DLT_OBJDIR=\".libs/\" -DHAS_GETHOSTBYADDR_R=1 -DHAS_GETHOSTBYNAME_R=1 -DHAS_POLL=1 -DHAS_FCNTL=1 -DHAS_INET_PTON=1 -DHAS_INET_NTOP=1 -DHAS_MSGHDR_FLAGS=1 -DHAS_SOCKLEN_T=1'
DEPDIR='.deps'
DLLTOOL='false'
DSYMUTIL=''
DUMPBIN=''
ECHO_C=''
ECHO_N='-n'
ECHO_T=''
EGREP='/bin/grep -E'
EXEEXT=''
FGREP='/bin/grep -F'
GREP='/bin/grep'
INSTALL_DATA='${INSTALL} -m 644'
INSTALL_PROGRAM='${INSTALL}'
INSTALL_SCRIPT='${INSTALL}'
INSTALL_STRIP_PROGRAM='$(install_sh) -c -s'
LD='/usr/bin/ld -m elf_x86_64'
LDFLAGS=''
LIBOBJS=''
LIBS=''
LIBTOOL='$(SHELL) $(top_builddir)/libtool'
LIPO=''
LN_S='ln -s'
LTLIBOBJS=''
LT_SYS_LIBRARY_PATH=''
MAKEINFO='${SHELL} /home/rilpires/GitHub/SpaceShooterVS/Engine/enet-1.3.13/missing makeinfo'
MANIFEST_TOOL=':'
MKDIR_P='/bin/mkdir -p'
NM='/usr/bin/nm -B'
NMEDIT=''
OBJDUMP='objdump'
OBJEXT='o'
OTOOL64=''
OTOOL=''
PACKAGE='libenet'
PACKAGE_BUGREPORT=''
PACKAGE_NAME='libenet'
PACKAGE_STRING='libenet 1.3.13'
PACKAGE_TARNAME='libenet'
PACKAGE_URL=''
PACKAGE_VERSION='1.3.13'
PATH_SEPARATOR=':'
RANLIB='ranlib'
SED='/bin/sed'
SET_MAKE=''
SHELL='/bin/bash'
STRIP='strip'
VERSION='1.3.13'
ac_ct_AR='ar'
ac_ct_CC='gcc'
ac_ct_DUMPBIN=''
am__EXEEXT_FALSE=''
am__EXEEXT_TRUE='#'
am__fastdepCC_FALSE='#'
am__fastdepCC_TRUE=''
am__include='include'
am__isrc=''
am__leading_dot='.'
am__nodep='_no'
am__quote=''
am__tar='$${TAR-tar} chof - "$$tardir"'
am__untar='$${TAR-tar} xf -'
bindir='${exec_prefix}/bin'
build='x86_64-pc-linux-gnu'
build_alias=''
build_cpu='x86_64'
build_os='linux-gnu'
build_vendor='pc'
datadir='${datarootdir}'
datarootdir='${prefix}/share'
docdir='${datarootdir}/doc/${PACKAGE_TARNAME}'
dvidir='${docdir}'
exec_prefix='${prefix}'
host='x86_64-pc-linux-gnu'
host_alias=''
host_cpu='x86_64'
host_os='linux-gnu'
host_vendor='pc'
htmldir='${docdir}'
includedir='${prefix}/include'
infodir='${datarootdir}/info'
install_sh='${SHELL} /home/rilpires/GitHub/SpaceShooterVS/Engine/enet-1.3.13/install-sh'
libdir='${exec_prefix}/lib'
libexecdir='${exec_prefix}/libexec'
localedir='${datarootdir}/locale'
localstatedir='${prefix}/var'
mandir='${datarootdir}/man'
mkdir_p='$(MKDIR_P)'
oldincludedir='/usr/include'
pdfdir='${docdir}'
prefix='/usr/local'
program_transform_name='s,x,x,'
psdir='${docdir}'
runstatedir='${localstatedir}/run'
sbindir='${exec_prefix}/sbin'
sharedstatedir='${prefix}/com'
sysconfdir='${prefix}/etc'
target_alias=''

## ----------- ##
## confdefs.h. ##
## ----------- ##

/* confdefs.h */
#define PACKAGE_NAME "libenet"
#define PACKAGE_TARNAME "libenet"
#define PACKAGE_VERSION "1.3.13"
#define PACKAGE_STRING "libenet 1.3.13"
#define PACKAGE_BUGREPORT ""
#define PACKAGE_URL ""
#define PACKAGE "libenet"
#define VERSION "1.3.13"
#define STDC_HEADERS 1
#define HAVE_SYS_TYPES_H 1
#define HAVE_SYS_STAT_H 1
#define HAVE_STDLIB_H 1
#define HAVE_STRING_H 1
#define HAVE_MEMORY_H 1
#define HAVE_STRINGS_H 1
#define HAVE_INTTYPES_H 1
#define HAVE_STDINT_H 1
#define HAVE_UNISTD_H 1
#define HAVE_DLFCN_H 1
#define LT_OBJDIR ".libs/"
#define HAS_GETHOSTBYADDR_R 1
#define HAS_GETHOSTBYNAME_R 1
#define HAS_POLL 1
#define HAS_FCNTL 1
#define HAS_INET_PTON 1
#define HAS_INET_NTOP 1
#define HAS_MSGHDR_FLAGS 1
#define HAS_SOCKLEN_T 1

configure: exit 0
